{
  "RSpec": {
    "coverage": {
      "/Users/navrajnat/Desktop/workout-with-me/spec/controllers/activities_controller_spec.rb": [
        1,
        null,
        1,
        1,
        10,
        10,
        null,
        1,
        4,
        null,
        1,
        10,
        null,
        null,
        1,
        1,
        1,
        1,
        null,
        null,
        1,
        1,
        1,
        null,
        null,
        null,
        1,
        1,
        1,
        1,
        1,
        null,
        null,
        1,
        1,
        1,
        null,
        null,
        1,
        1,
        1,
        null,
        null,
        null,
        1,
        1,
        1,
        1,
        null,
        null,
        1,
        1,
        1,
        1,
        null,
        null,
        1,
        1,
        1,
        1,
        null,
        null,
        null,
        null,
        null,
        1,
        1,
        2,
        null,
        null,
        1,
        1,
        1,
        null,
        null,
        null,
        1,
        1,
        1,
        null,
        null,
        null
      ],
      "/Users/navrajnat/Desktop/workout-with-me/spec/rails_helper.rb": [
        null,
        1,
        1,
        null,
        1,
        1,
        1,
        null,
        null,
        null,
        null,
        null,
        null,
        null,
        null,
        null,
        null,
        null,
        null,
        null,
        null,
        null,
        1,
        null,
        null,
        null,
        1,
        null,
        1,
        null,
        1,
        null,
        null,
        null,
        null,
        1,
        null,
        null,
        null,
        null,
        null,
        null,
        null,
        null,
        null,
        null,
        null,
        null,
        null,
        null,
        1,
        null
      ],
      "/Users/navrajnat/Desktop/workout-with-me/config/environment.rb": [
        null,
        1,
        null,
        null,
        1
      ],
      "/Users/navrajnat/Desktop/workout-with-me/config/application.rb": [
        1,
        null,
        1,
        null,
        1,
        1,
        1,
        1,
        1,
        1,
        1,
        null,
        null,
        null,
        null,
        1,
        null,
        1,
        1,
        null,
        null,
        null,
        null,
        null,
        null,
        null,
        null,
        null,
        null,
        null,
        null,
        null,
        1,
        null,
        null
      ],
      "/Users/navrajnat/Desktop/workout-with-me/config/boot.rb": [
        1,
        null,
        1
      ],
      "/Users/navrajnat/Desktop/workout-with-me/config/environments/test.rb": [
        1,
        1,
        null,
        null,
        null,
        null,
        null,
        null,
        null,
        null,
        null,
        null,
        null,
        null,
        null,
        null,
        null,
        null,
        null,
        1,
        null,
        null,
        null,
        null,
        1,
        null,
        null,
        1,
        1,
        null,
        null,
        1,
        1,
        null,
        null,
        1,
        null,
        null,
        1,
        null,
        null,
        null,
        null,
        1,
        null,
        null,
        1,
        null,
        null,
        1,
        null,
        null,
        null,
        null
      ],
      "/Users/navrajnat/Desktop/workout-with-me/config/initializers/assets.rb": [
        null,
        null,
        null,
        1,
        null,
        null,
        null,
        null,
        null,
        null,
        null
      ],
      "/Users/navrajnat/Desktop/workout-with-me/config/initializers/backtrace_silencers.rb": [
        null,
        null,
        null,
        null,
        null,
        null,
        null
      ],
      "/Users/navrajnat/Desktop/workout-with-me/config/initializers/cookies_serializer.rb": [
        null,
        null,
        1
      ],
      "/Users/navrajnat/Desktop/workout-with-me/config/initializers/filter_parameter_logging.rb": [
        null,
        null,
        null,
        1
      ],
      "/Users/navrajnat/Desktop/workout-with-me/config/initializers/inflections.rb": [
        null,
        null,
        null,
        null,
        null,
        null,
        null,
        null,
        null,
        null,
        null,
        null,
        null,
        null,
        null,
        null
      ],
      "/Users/navrajnat/Desktop/workout-with-me/config/initializers/mime_types.rb": [
        null,
        null,
        null,
        null
      ],
      "/Users/navrajnat/Desktop/workout-with-me/config/initializers/session_store.rb": [
        null,
        null,
        1
      ],
      "/Users/navrajnat/Desktop/workout-with-me/config/initializers/wrap_parameters.rb": [
        null,
        null,
        null,
        null,
        null,
        null,
        1,
        1,
        null,
        null,
        null,
        null,
        null,
        null
      ],
      "/Users/navrajnat/Desktop/workout-with-me/spec/factories/activity_factory.rb": [
        1,
        1,
        1,
        1,
        null,
        null
      ],
      "/Users/navrajnat/Desktop/workout-with-me/spec/factories/match_factory.rb": [
        1,
        1,
        1,
        1,
        1,
        1,
        1,
        1,
        null,
        null
      ],
      "/Users/navrajnat/Desktop/workout-with-me/spec/factories/user_factory.rb": [
        1,
        1,
        1,
        1,
        1,
        1,
        1,
        1,
        null,
        null,
        1,
        1,
        1,
        1,
        1,
        1,
        1,
        null,
        null,
        1,
        1,
        1,
        1,
        1,
        1,
        1,
        null,
        null,
        1,
        1,
        1,
        1,
        1,
        1,
        1,
        null,
        null
      ],
      "/Users/navrajnat/Desktop/workout-with-me/app/models/user.rb": [
        1,
        1,
        1,
        1,
        1,
        1,
        1,
        1,
        null,
        1,
        1,
        null,
        1,
        1,
        null,
        1,
        null,
        1,
        1,
        1,
        1,
        null,
        null,
        null,
        null,
        1,
        null,
        1,
        15,
        15,
        15,
        0,
        null,
        15,
        null,
        15,
        0,
        0,
        0,
        null,
        0,
        null,
        null,
        null,
        null,
        15,
        null,
        null,
        1,
        15,
        15,
        0,
        null,
        0,
        null,
        0,
        null,
        15,
        null,
        null,
        null,
        null,
        1,
        6,
        9,
        9,
        9,
        null,
        null,
        null,
        null,
        1,
        30,
        30,
        28,
        null,
        2,
        null,
        null,
        null,
        null
      ],
      "/Users/navrajnat/Desktop/workout-with-me/config/routes.rb": [
        1,
        1,
        null,
        1,
        1,
        1,
        1,
        1,
        null,
        1,
        1,
        null,
        null,
        1,
        null,
        null,
        null,
        1,
        1,
        1,
        1,
        1,
        null,
        1,
        1,
        1,
        null
      ],
      "/Users/navrajnat/Desktop/workout-with-me/app/helpers/application_helper.rb": [
        1,
        null
      ],
      "/Users/navrajnat/Desktop/workout-with-me/app/controllers/activities_controller.rb": [
        1,
        null,
        1,
        9,
        null,
        null,
        1,
        6,
        6,
        3,
        3,
        3,
        null,
        3,
        3,
        null,
        null,
        null,
        1,
        2,
        2,
        2,
        2,
        null,
        null,
        null
      ],
      "/Users/navrajnat/Desktop/workout-with-me/app/controllers/application_controller.rb": [
        1,
        1,
        1,
        1,
        null,
        null,
        null,
        1,
        194,
        194,
        null,
        null,
        null,
        1,
        321,
        null,
        null,
        1,
        4,
        4,
        4,
        null,
        4,
        4,
        null,
        12,
        12,
        null,
        4,
        4,
        null,
        4,
        null,
        null,
        1,
        null,
        1,
        60,
        2,
        2,
        null,
        null,
        null,
        null
      ],
      "/Users/navrajnat/Desktop/workout-with-me/spec/controllers/matches_controller_spec.rb": [
        1,
        null,
        1,
        null,
        1,
        3,
        3,
        3,
        null,
        null,
        1,
        1,
        1,
        1,
        1,
        null,
        1,
        1,
        null,
        null,
        null,
        1,
        1,
        1,
        2,
        2,
        null,
        2,
        null,
        null,
        1,
        1,
        1,
        null,
        null,
        1,
        1,
        1,
        1,
        null,
        null,
        null,
        1,
        1,
        2,
        null,
        null,
        1,
        1,
        null,
        null,
        1,
        1,
        null,
        null,
        null,
        null,
        null,
        null,
        null
      ],
      "/Users/navrajnat/Desktop/workout-with-me/app/controllers/matches_controller.rb": [
        1,
        null,
        1,
        10,
        10,
        null,
        null,
        1,
        0,
        0,
        0,
        0,
        null,
        0,
        null,
        null,
        null,
        1,
        4,
        4,
        4,
        4,
        null,
        null,
        1,
        1,
        1,
        0,
        0,
        0,
        null,
        0,
        null,
        null,
        1,
        1,
        null,
        0,
        null,
        null,
        null,
        1,
        1,
        1,
        1,
        null,
        0,
        0,
        null,
        null,
        null
      ],
      "/Users/navrajnat/Desktop/workout-with-me/spec/controllers/ratings_controller_spec.rb": [
        1,
        null,
        1,
        1,
        5,
        5,
        null,
        6,
        null,
        1,
        1,
        5,
        5,
        5,
        5,
        null,
        null,
        1,
        1,
        1,
        1,
        null,
        null,
        null,
        1,
        1,
        1,
        null,
        null,
        null,
        1,
        1,
        1,
        null,
        null,
        null,
        null,
        1,
        1,
        1,
        1,
        null,
        null,
        null,
        1,
        1,
        1,
        null,
        null,
        null,
        null
      ],
      "/Users/navrajnat/Desktop/workout-with-me/app/controllers/ratings_controller.rb": [
        1,
        null,
        1,
        5,
        5,
        0,
        null,
        5,
        3,
        null,
        2,
        null,
        null,
        5,
        null,
        null,
        1,
        null,
        1,
        5,
        null,
        null,
        null
      ],
      "/Users/navrajnat/Desktop/workout-with-me/spec/controllers/sessions_controller_spec.rb": [
        1,
        null,
        1,
        1,
        1,
        1,
        3,
        3,
        3,
        3,
        null,
        4,
        null,
        null,
        null,
        null,
        null,
        null,
        null,
        1,
        1,
        1,
        null,
        null,
        1,
        1,
        1,
        null,
        null,
        1,
        1,
        1,
        null,
        null,
        null,
        1,
        1,
        3,
        null,
        null,
        1,
        1,
        null,
        null,
        1,
        1,
        null,
        null,
        1,
        1,
        null,
        null,
        null,
        null,
        1,
        1,
        3,
        3,
        null,
        1,
        1,
        1,
        null,
        null,
        1,
        1,
        1,
        null,
        null,
        1,
        1,
        1,
        null,
        null,
        null,
        null,
        null,
        null,
        null
      ],
      "/Users/navrajnat/Desktop/workout-with-me/app/controllers/sessions_controller.rb": [
        1,
        1,
        null,
        1,
        13,
        null,
        null,
        1,
        18,
        18,
        14,
        14,
        14,
        14,
        14,
        14,
        14,
        null,
        0,
        null,
        null,
        4,
        4,
        null,
        null,
        null,
        1,
        3,
        3,
        3,
        null,
        null,
        1,
        null,
        1,
        64,
        null,
        null
      ],
      "/Users/navrajnat/Desktop/workout-with-me/spec/controllers/users_controller_spec.rb": [
        1,
        null,
        1,
        1,
        14,
        14,
        14,
        null,
        5,
        2,
        null,
        1,
        1,
        1,
        1,
        null,
        null,
        null,
        1,
        1,
        1,
        1,
        1,
        null,
        null,
        null,
        1,
        1,
        1,
        1,
        1,
        null,
        null,
        null,
        1,
        1,
        1,
        null,
        null,
        1,
        1,
        1,
        null,
        null,
        null,
        null,
        1,
        1,
        1,
        1,
        null,
        null,
        1,
        1,
        1,
        null,
        null,
        null,
        1,
        1,
        1,
        null,
        null,
        null,
        1,
        1,
        1,
        null,
        null,
        null,
        1,
        1,
        1,
        null,
        null,
        null,
        1,
        1,
        1,
        null,
        null,
        null,
        1,
        1,
        1,
        null,
        null,
        null,
        1,
        1,
        1,
        1,
        null,
        null,
        null,
        1,
        1,
        1,
        null,
        null,
        1,
        1,
        1,
        null,
        null,
        null,
        null,
        1,
        1,
        1,
        1,
        1,
        null,
        null,
        null,
        1,
        1,
        5,
        null,
        null,
        1,
        1,
        1,
        1,
        1,
        null,
        null,
        1,
        1,
        1,
        null,
        null,
        1,
        1,
        1,
        null,
        null,
        null,
        1,
        1,
        1,
        null,
        null,
        null,
        1,
        1,
        1,
        1,
        1,
        null,
        null,
        null,
        null,
        null,
        null,
        null,
        null,
        null,
        1,
        1,
        1,
        1,
        1,
        null,
        null,
        null,
        1,
        1,
        6,
        null,
        null,
        1,
        1,
        1,
        1,
        1,
        null,
        null,
        1,
        1,
        1,
        1,
        null,
        null,
        1,
        1,
        1,
        null,
        null,
        null,
        1,
        1,
        1,
        1,
        1,
        null,
        null,
        1,
        1,
        1,
        1,
        null,
        null,
        1,
        1,
        1,
        null,
        null,
        null,
        null,
        null
      ],
      "/Users/navrajnat/Desktop/workout-with-me/app/controllers/users_controller.rb": [
        1,
        1,
        null,
        1,
        7,
        7,
        null,
        null,
        1,
        1,
        1,
        null,
        null,
        1,
        18,
        18,
        7,
        7,
        7,
        null,
        11,
        11,
        null,
        null,
        null,
        1,
        1,
        null,
        null,
        1,
        5,
        5,
        5,
        5,
        null,
        0,
        null,
        null,
        null,
        1,
        1,
        1,
        null,
        null,
        1,
        6,
        6,
        3,
        3,
        3,
        null,
        3,
        null,
        6,
        null,
        null,
        1,
        null,
        1,
        23,
        null,
        null,
        null,
        null
      ],
      "/Users/navrajnat/Desktop/workout-with-me/spec/features/activity_spec.rb": [
        1,
        null,
        1,
        4,
        1,
        3,
        3,
        3,
        3,
        3,
        3,
        3,
        3,
        3,
        null,
        null,
        1,
        1,
        null,
        1,
        3,
        3,
        null,
        null,
        1,
        1,
        1,
        1,
        null,
        null,
        1,
        1,
        1,
        null,
        null,
        1,
        1,
        1,
        null,
        null,
        null,
        null,
        null,
        null,
        null,
        null,
        null,
        null
      ],
      "/Users/navrajnat/Desktop/workout-with-me/spec/features/match_spec.rb": [
        1,
        1,
        1,
        4,
        4,
        4,
        4,
        4,
        4,
        4,
        4,
        4,
        null,
        null,
        null,
        1,
        null,
        null,
        1,
        4,
        4,
        4,
        4,
        4,
        4,
        4,
        null,
        1,
        1,
        1,
        1,
        null,
        null,
        1,
        1,
        1,
        1,
        null,
        null,
        null,
        null,
        null,
        null,
        null,
        null,
        null,
        null,
        1,
        1,
        1,
        1,
        1,
        null,
        null,
        1,
        1,
        1,
        1,
        null,
        null,
        null
      ],
      "/Users/navrajnat/Desktop/workout-with-me/spec/features/message_spec.rb": [
        1,
        null,
        1,
        5,
        1,
        4,
        4,
        4,
        4,
        4,
        4,
        4,
        4,
        null,
        null,
        1,
        1,
        4,
        4,
        4,
        4,
        4,
        null,
        null,
        1,
        1,
        1,
        null,
        null,
        1,
        1,
        null,
        null,
        1,
        1,
        1,
        null,
        null,
        1,
        1,
        null,
        null,
        null,
        null
      ],
      "/Users/navrajnat/Desktop/workout-with-me/spec/features/rating_spec.rb": [
        1,
        null,
        1,
        1,
        3,
        null,
        null,
        1,
        3,
        null,
        null,
        1,
        3,
        3,
        3,
        3,
        3,
        3,
        3,
        3,
        3,
        3,
        3,
        3,
        3,
        null,
        null,
        1,
        1,
        3,
        3,
        3,
        null,
        null,
        1,
        1,
        1,
        1,
        1,
        1,
        null,
        null,
        1,
        1,
        1,
        1,
        1,
        null,
        null,
        1,
        1,
        1,
        null,
        null,
        null
      ],
      "/Users/navrajnat/Desktop/workout-with-me/spec/features/session_spec.rb": [
        1,
        null,
        1,
        null
      ],
      "/Users/navrajnat/Desktop/workout-with-me/spec/features/user_spec.rb": [
        1,
        null,
        null,
        null,
        1,
        1,
        0,
        0,
        0,
        0,
        0,
        0,
        0,
        null,
        null,
        1,
        1,
        null,
        null,
        null,
        null,
        null,
        null,
        null,
        null,
        null,
        null,
        1,
        1,
        1,
        1,
        1,
        1,
        1,
        null,
        null,
        null,
        null,
        1,
        3,
        1,
        1,
        1,
        1,
        1,
        1,
        1,
        1,
        1,
        1,
        null,
        null,
        1,
        1,
        1,
        1,
        1,
        1,
        1,
        1,
        1,
        1,
        null,
        null,
        null,
        1,
        1,
        0,
        0,
        0,
        0,
        0,
        0,
        0,
        null,
        1,
        0,
        null,
        null,
        null,
        null,
        null,
        null,
        null,
        null
      ],
      "/Users/navrajnat/Desktop/workout-with-me/app/models/activity.rb": [
        1,
        1,
        1,
        null,
        1,
        null
      ],
      "/Users/navrajnat/Desktop/workout-with-me/app/models/user_activity.rb": [
        1,
        1,
        1,
        1,
        null
      ],
      "/Users/navrajnat/Desktop/workout-with-me/app/models/location.rb": [
        1,
        1,
        null
      ],
      "/Users/navrajnat/Desktop/workout-with-me/app/models/match.rb": [
        1,
        1,
        1,
        1,
        null,
        1,
        null,
        null,
        null
      ],
      "/Users/navrajnat/Desktop/workout-with-me/app/models/rating.rb": [
        1,
        1,
        1,
        null,
        1,
        1,
        1,
        null,
        1,
        5,
        null,
        null,
        1,
        5,
        null,
        null,
        null
      ],
      "/Users/navrajnat/Desktop/workout-with-me/app/models/message.rb": [
        1,
        1,
        1,
        1,
        null,
        1,
        null
      ],
      "/Users/navrajnat/Desktop/workout-with-me/app/controllers/messages_controller.rb": [
        1,
        1,
        null,
        1,
        4,
        4,
        4,
        0,
        null,
        4,
        null,
        4,
        null,
        null,
        1,
        0,
        null,
        null,
        1,
        null,
        1,
        0,
        null,
        null,
        null
      ]
    },
    "timestamp": 1444847512
  }
}
